TN:
SF:components\ui\button.tsx
FN:43,(anonymous_6)
FNF:1
FNH:1
FNDA:5,(anonymous_6)
DA:1,2
DA:2,2
DA:3,2
DA:5,2
DA:7,2
DA:42,2
DA:44,5
DA:54,2
DA:56,5
LF:9
LH:9
BRDA:43,0,0,5
BRDA:44,1,0,0
BRDA:44,1,1,5
BRF:3
BRH:2
end_of_record
TN:
SF:components\ui\card.tsx
FNF:0
FNH:0
DA:1,2
DA:3,2
DA:18,2
DA:30,2
DA:45,2
DA:57,2
DA:65,2
DA:77,2
DA:79,8
LF:9
LH:9
BRF:0
BRH:0
end_of_record
TN:
SF:components\ui\input.tsx
FN:6,(anonymous_4)
FNF:1
FNH:0
FNDA:0,(anonymous_4)
DA:1,1
DA:3,1
DA:5,1
DA:20,1
DA:22,0
LF:5
LH:4
BRF:0
BRH:0
end_of_record
TN:
SF:components\ui\table.tsx
FNF:0
FNH:0
DA:1,1
DA:3,1
DA:17,1
DA:25,1
DA:37,1
DA:52,1
DA:67,1
DA:82,1
DA:94,1
DA:106,1
DA:109,0
DA:110,0
DA:111,0
DA:112,0
DA:113,0
DA:114,0
DA:115,0
DA:116,0
LF:18
LH:10
BRF:0
BRH:0
end_of_record
TN:
SF:components\ui\use-toast.ts
FN:30,genId
FN:61,(anonymous_8)
FN:66,(anonymous_9)
FN:77,(anonymous_10)
FN:88,(anonymous_11)
FN:101,(anonymous_12)
FN:108,(anonymous_13)
FN:127,(anonymous_14)
FN:136,dispatch
FN:138,(anonymous_16)
FN:145,toast
FN:148,(anonymous_18)
FN:153,(anonymous_19)
FN:161,(anonymous_20)
FN:174,useToast
FN:177,(anonymous_22)
FN:179,(anonymous_23)
FN:190,(anonymous_24)
FNF:18
FNH:8
FNDA:1,genId
FNDA:0,(anonymous_8)
FNDA:0,(anonymous_9)
FNDA:1,(anonymous_10)
FNDA:0,(anonymous_11)
FNDA:0,(anonymous_12)
FNDA:0,(anonymous_13)
FNDA:0,(anonymous_14)
FNDA:1,dispatch
FNDA:1,(anonymous_16)
FNDA:1,toast
FNDA:0,(anonymous_18)
FNDA:0,(anonymous_19)
FNDA:0,(anonymous_20)
FNDA:8,useToast
FNDA:7,(anonymous_22)
FNDA:7,(anonymous_23)
FNDA:0,(anonymous_24)
DA:4,2
DA:11,2
DA:12,2
DA:21,2
DA:28,2
DA:31,1
DA:32,1
DA:59,2
DA:61,2
DA:62,0
DA:63,0
DA:66,0
DA:67,0
DA:68,0
DA:74,0
DA:77,2
DA:78,1
DA:80,1
DA:86,0
DA:89,0
DA:94,0
DA:98,0
DA:99,0
DA:101,0
DA:102,0
DA:106,0
DA:109,0
DA:119,0
DA:120,0
DA:125,0
DA:127,0
DA:132,2
DA:134,2
DA:137,1
DA:138,1
DA:139,1
DA:146,1
DA:148,1
DA:149,0
DA:153,1
DA:155,1
DA:162,0
DA:167,1
DA:175,8
DA:177,8
DA:178,7
DA:179,7
DA:180,7
DA:181,7
DA:182,7
DA:187,8
DA:190,0
DA:194,8
LF:53
LH:31
BRDA:62,0,0,0
BRDA:78,1,0,1
BRDA:78,1,1,0
BRDA:78,1,2,0
BRDA:78,1,3,0
BRDA:89,2,0,0
BRDA:89,2,1,0
BRDA:98,3,0,0
BRDA:98,3,1,0
BRDA:109,4,0,0
BRDA:109,4,1,0
BRDA:109,5,0,0
BRDA:109,5,1,0
BRDA:119,6,0,0
BRDA:162,7,0,0
BRDA:181,8,0,7
BRF:16
BRH:2
end_of_record
TN:
SF:lib\firebase.ts
FNF:0
FNH:0
DA:1,5
DA:2,5
DA:3,5
DA:5,5
DA:15,5
DA:16,23
DA:17,5
LF:7
LH:7
BRDA:16,0,0,5
BRDA:16,0,1,0
BRDA:17,1,0,5
BRDA:17,1,1,0
BRF:4
BRH:2
end_of_record
TN:
SF:lib\utils.ts
FN:4,cn
FN:8,validateEmail
FN:13,validatePhone
FNF:3
FNH:1
FNDA:36,cn
FNDA:0,validateEmail
FNDA:0,validatePhone
DA:1,2
DA:2,2
DA:4,36
DA:5,36
DA:8,0
DA:9,0
DA:10,0
DA:13,0
DA:16,0
DA:17,0
LF:10
LH:4
BRF:0
BRH:0
end_of_record
TN:
SF:src\api\services\AuthService.ts
FN:21,(anonymous_2)
FN:53,(anonymous_3)
FN:95,(anonymous_4)
FN:146,(anonymous_5)
FN:163,(anonymous_6)
FN:177,(anonymous_7)
FN:184,(anonymous_8)
FN:191,(anonymous_9)
FNF:8
FNH:6
FNDA:0,(anonymous_2)
FNDA:3,(anonymous_3)
FNDA:2,(anonymous_4)
FNDA:2,(anonymous_5)
FNDA:2,(anonymous_6)
FNDA:1,(anonymous_7)
FNDA:0,(anonymous_8)
FNDA:1,(anonymous_9)
DA:1,4
DA:2,4
DA:3,4
DA:4,4
DA:6,4
DA:20,13
DA:22,0
DA:23,0
DA:24,0
DA:25,0
DA:27,0
DA:28,0
DA:31,0
DA:42,0
DA:46,0
DA:48,0
DA:49,0
DA:54,3
DA:56,3
DA:57,3
DA:58,3
DA:60,3
DA:61,1
DA:64,2
DA:75,2
DA:82,2
DA:87,2
DA:88,2
DA:90,1
DA:91,1
DA:96,2
DA:98,2
DA:99,0
DA:101,0
DA:102,0
DA:103,0
DA:105,0
DA:106,0
DA:109,0
DA:110,0
DA:111,0
DA:112,0
DA:116,2
DA:117,2
DA:118,2
DA:120,2
DA:121,1
DA:124,1
DA:125,1
DA:128,1
DA:129,0
DA:133,1
DA:134,0
DA:137,1
DA:138,1
DA:139,1
DA:141,1
DA:142,1
DA:147,2
DA:148,2
DA:149,2
DA:151,2
DA:152,1
DA:155,1
DA:157,1
DA:159,1
DA:164,2
DA:165,2
DA:166,0
DA:169,2
DA:170,2
DA:171,1
DA:174,1
DA:178,1
DA:185,0
DA:192,1
LF:76
LH:51
BRDA:27,0,0,0
BRDA:60,1,0,1
BRDA:68,2,0,2
BRDA:68,2,1,1
BRDA:69,3,0,2
BRDA:69,3,1,2
BRDA:75,4,0,1
BRDA:75,4,1,1
BRDA:77,5,0,1
BRDA:77,5,1,0
BRDA:98,6,0,0
BRDA:98,7,0,2
BRDA:98,7,1,0
BRDA:105,8,0,0
BRDA:120,9,0,1
BRDA:128,10,0,0
BRDA:133,11,0,0
BRDA:151,12,0,1
BRDA:165,13,0,0
BRDA:170,14,0,1
BRF:20
BRH:12
end_of_record
TN:
SF:src\api\services\MatchService.ts
FN:16,(anonymous_1)
FN:33,(anonymous_2)
FNF:2
FNH:2
FNDA:4,(anonymous_1)
FNDA:4,(anonymous_2)
DA:1,2
DA:2,2
DA:3,2
DA:15,8
DA:17,4
DA:19,2
DA:30,2
DA:39,4
DA:41,2
DA:48,2
LF:10
LH:10
BRF:0
BRH:0
end_of_record
TN:
SF:src\api\store\inMemoryStore.ts
FN:9,(anonymous_1)
FN:14,(anonymous_2)
FN:25,(anonymous_3)
FN:32,(anonymous_4)
FN:37,(anonymous_5)
FN:62,(anonymous_6)
FN:63,(anonymous_7)
FN:66,(anonymous_8)
FN:70,(anonymous_9)
FN:74,(anonymous_10)
FN:79,(anonymous_11)
FN:90,(anonymous_12)
FN:92,(anonymous_13)
FN:95,(anonymous_14)
FN:100,(anonymous_15)
FN:111,(anonymous_16)
FN:113,(anonymous_17)
FN:116,(anonymous_18)
FN:118,(anonymous_19)
FNF:19
FNH:4
FNDA:1,(anonymous_1)
FNDA:0,(anonymous_2)
FNDA:0,(anonymous_3)
FNDA:1,(anonymous_4)
FNDA:0,(anonymous_5)
FNDA:0,(anonymous_6)
FNDA:0,(anonymous_7)
FNDA:1,(anonymous_8)
FNDA:0,(anonymous_9)
FNDA:0,(anonymous_10)
FNDA:0,(anonymous_11)
FNDA:1,(anonymous_12)
FNDA:0,(anonymous_13)
FNDA:0,(anonymous_14)
FNDA:0,(anonymous_15)
FNDA:0,(anonymous_16)
FNDA:0,(anonymous_17)
FNDA:0,(anonymous_18)
FNDA:0,(anonymous_19)
DA:1,3
DA:4,3
DA:5,3
DA:6,3
DA:7,3
DA:10,1
DA:11,1
DA:15,0
DA:16,0
DA:17,0
DA:20,0
DA:21,0
DA:22,0
DA:26,0
DA:27,0
DA:29,0
DA:33,1
DA:34,1
DA:38,0
DA:39,0
DA:40,0
DA:44,0
DA:46,0
DA:47,0
DA:49,0
DA:50,0
DA:52,0
DA:53,0
DA:55,0
DA:58,0
DA:59,0
DA:63,0
DA:67,1
DA:71,0
DA:75,0
DA:76,0
DA:80,0
DA:81,0
DA:82,0
DA:85,0
DA:86,0
DA:87,0
DA:91,1
DA:92,0
DA:96,0
DA:97,0
DA:101,0
DA:102,0
DA:103,0
DA:106,0
DA:107,0
DA:108,0
DA:112,0
DA:113,0
DA:117,0
DA:118,0
DA:122,6
LF:57
LH:12
BRDA:16,0,0,0
BRDA:26,1,0,0
BRDA:39,2,0,0
BRDA:44,3,0,0
BRDA:44,3,1,0
BRDA:44,3,2,0
BRDA:44,3,3,0
BRDA:63,4,0,0
BRDA:63,4,1,0
BRDA:67,5,0,1
BRDA:67,5,1,0
BRDA:81,6,0,0
BRDA:102,7,0,0
BRDA:117,8,0,0
BRDA:117,8,1,0
BRF:15
BRH:1
end_of_record
TN:
SF:src\components\MatchScheduleDisplay.tsx
FN:17,MatchScheduleDisplay
FN:25,(anonymous_2)
FN:29,(anonymous_3)
FN:34,(anonymous_4)
FN:45,(anonymous_5)
FN:49,(anonymous_6)
FN:54,(anonymous_7)
FN:65,(anonymous_8)
FN:71,(anonymous_9)
FN:72,(anonymous_10)
FN:81,(anonymous_11)
FN:95,(anonymous_12)
FN:102,(anonymous_13)
FN:115,(anonymous_14)
FN:150,(anonymous_15)
FN:166,(anonymous_16)
FN:175,(anonymous_17)
FN:184,(anonymous_18)
FN:221,(anonymous_19)
FN:222,(anonymous_20)
FNF:20
FNH:4
FNDA:3,MatchScheduleDisplay
FNDA:3,(anonymous_2)
FNDA:0,(anonymous_3)
FNDA:0,(anonymous_4)
FNDA:1,(anonymous_5)
FNDA:0,(anonymous_6)
FNDA:0,(anonymous_7)
FNDA:3,(anonymous_8)
FNDA:0,(anonymous_9)
FNDA:0,(anonymous_10)
FNDA:0,(anonymous_11)
FNDA:0,(anonymous_12)
FNDA:0,(anonymous_13)
FNDA:0,(anonymous_14)
FNDA:0,(anonymous_15)
FNDA:0,(anonymous_16)
FNDA:0,(anonymous_17)
FNDA:0,(anonymous_18)
FNDA:0,(anonymous_19)
FNDA:0,(anonymous_20)
DA:1,1
DA:2,1
DA:3,1
DA:4,1
DA:5,1
DA:7,1
DA:8,1
DA:9,1
DA:10,1
DA:17,3
DA:18,3
DA:19,3
DA:20,3
DA:21,3
DA:22,3
DA:23,3
DA:25,3
DA:27,3
DA:30,0
DA:31,0
DA:35,0
DA:36,0
DA:45,3
DA:46,3
DA:47,2
DA:50,0
DA:51,0
DA:55,0
DA:56,0
DA:65,3
DA:66,3
DA:67,3
DA:71,3
DA:72,0
DA:81,3
DA:82,0
DA:83,0
DA:85,0
DA:86,0
DA:91,0
DA:94,0
DA:95,0
DA:96,0
DA:97,0
DA:102,0
DA:103,0
DA:104,0
DA:105,0
DA:108,0
DA:109,0
DA:115,0
DA:119,3
DA:151,0
DA:166,0
DA:175,0
DA:184,0
DA:221,0
DA:223,0
LF:58
LH:27
BRDA:30,0,0,0
BRDA:46,1,0,2
BRDA:50,2,0,0
BRDA:82,3,0,0
BRDA:82,3,1,0
BRDA:83,4,0,0
BRDA:83,4,1,0
BRDA:85,5,0,0
BRDA:85,6,0,0
BRDA:85,6,1,0
BRDA:119,7,0,3
BRDA:135,8,0,0
BRDA:135,8,1,0
BRDA:152,9,0,0
BRDA:152,9,1,0
BRDA:153,10,0,0
BRDA:153,10,1,0
BRDA:157,11,0,0
BRDA:165,12,0,0
BRDA:165,12,1,0
BRDA:174,13,0,0
BRDA:174,13,1,0
BRDA:181,14,0,0
BRDA:187,15,0,0
BRDA:187,15,1,0
BRDA:198,16,0,0
BRDA:198,16,1,0
BRDA:221,17,0,0
BRDA:221,17,1,0
BRF:29
BRH:2
end_of_record
TN:
SF:src\components\MatchScheduleForm.tsx
FN:13,MatchScheduleForm
FN:17,(anonymous_2)
FNF:2
FNH:2
FNDA:5,MatchScheduleForm
FNDA:1,(anonymous_2)
DA:1,1
DA:2,1
DA:3,1
DA:4,1
DA:5,1
DA:6,1
DA:13,3
DA:14,5
DA:15,5
DA:17,5
DA:18,1
DA:19,0
DA:24,0
DA:27,1
DA:28,1
DA:29,1
DA:30,1
DA:34,1
DA:36,0
DA:37,0
DA:43,1
DA:47,5
LF:22
LH:18
BRDA:18,0,0,0
BRDA:39,1,0,0
BRDA:39,1,1,0
BRDA:47,2,0,5
BRDA:47,2,1,1
BRDA:62,3,0,5
BRDA:75,4,0,5
BRDA:75,4,1,4
BRDA:78,5,0,1
BRDA:78,5,1,4
BRDA:80,6,0,5
BRF:11
BRH:8
end_of_record
TN:
SF:src\firebase\config.ts
FNF:0
FNH:0
DA:1,2
DA:2,2
DA:3,2
DA:5,2
DA:14,2
DA:15,2
DA:16,2
DA:18,5
LF:8
LH:8
BRF:0
BRH:0
end_of_record
TN:
SF:src\hooks\useAuth.ts
FN:10,(anonymous_2)
FN:36,useAuth
FN:41,(anonymous_4)
FN:42,(anonymous_5)
FN:63,(anonymous_6)
FN:85,(anonymous_7)
FN:97,(anonymous_8)
FN:103,(anonymous_9)
FN:107,(anonymous_10)
FN:111,(anonymous_11)
FN:115,(anonymous_12)
FN:119,(anonymous_13)
FNF:12
FNH:4
FNDA:0,(anonymous_2)
FNDA:9,useAuth
FNDA:4,(anonymous_4)
FNDA:4,(anonymous_5)
FNDA:0,(anonymous_6)
FNDA:0,(anonymous_7)
FNDA:1,(anonymous_8)
FNDA:0,(anonymous_9)
FNDA:0,(anonymous_10)
FNDA:0,(anonymous_11)
FNDA:0,(anonymous_12)
FNDA:0,(anonymous_13)
DA:3,1
DA:4,1
DA:5,1
DA:6,1
DA:7,1
DA:10,1
DA:11,0
DA:17,0
DA:19,0
DA:21,0
DA:26,0
DA:32,0
DA:36,9
DA:37,9
DA:38,9
DA:39,9
DA:41,9
DA:42,4
DA:43,4
DA:44,4
DA:45,4
DA:46,1
DA:48,3
DA:49,2
DA:52,1
DA:53,1
DA:55,4
DA:59,4
DA:63,9
DA:64,0
DA:65,0
DA:68,0
DA:69,0
DA:76,0
DA:77,0
DA:78,0
DA:80,0
DA:81,0
DA:85,9
DA:86,0
DA:87,0
DA:88,0
DA:89,0
DA:90,0
DA:92,0
DA:93,0
DA:97,9
DA:98,1
DA:99,1
DA:100,1
DA:103,9
DA:104,0
DA:107,9
DA:108,0
DA:111,9
DA:112,0
DA:115,9
DA:116,0
DA:119,9
DA:125,0
DA:126,0
DA:129,0
DA:130,0
DA:136,0
DA:138,0
DA:142,9
LF:66
LH:34
BRDA:17,0,0,0
BRDA:17,0,1,0
BRDA:17,0,2,0
BRDA:17,0,3,0
BRDA:23,1,0,0
BRDA:23,1,1,0
BRDA:28,2,0,0
BRDA:28,2,1,0
BRDA:45,3,0,1
BRDA:45,3,1,3
BRDA:63,4,0,0
BRDA:64,5,0,0
BRDA:64,6,0,0
BRDA:64,6,1,0
BRDA:125,7,0,0
BRDA:125,8,0,0
BRDA:125,8,1,0
BRDA:138,9,0,0
BRDA:138,9,1,0
BRF:19
BRH:2
end_of_record
TN:
SF:src\hooks\useAuthStatus.ts
FN:13,(anonymous_4)
FN:17,useAuthStatus
FN:22,(anonymous_6)
FN:41,(anonymous_7)
FN:46,(anonymous_8)
FN:48,(anonymous_9)
FN:53,(anonymous_10)
FNF:7
FNH:7
FNDA:1,(anonymous_4)
FNDA:9,useAuthStatus
FNDA:5,(anonymous_6)
FNDA:4,(anonymous_7)
FNDA:4,(anonymous_8)
FNDA:4,(anonymous_9)
FNDA:1,(anonymous_10)
DA:3,1
DA:4,1
DA:5,1
DA:6,1
DA:10,1
DA:13,1
DA:14,1
DA:17,9
DA:18,9
DA:19,9
DA:20,9
DA:22,9
DA:23,5
DA:24,5
DA:25,5
DA:26,4
DA:27,3
DA:29,1
DA:32,1
DA:33,1
DA:34,1
DA:36,5
DA:41,9
DA:42,4
DA:46,9
DA:47,4
DA:48,4
DA:49,4
DA:53,9
DA:54,1
DA:55,1
DA:56,1
DA:57,1
DA:58,1
DA:61,9
LF:35
LH:35
BRDA:25,0,0,4
BRDA:25,0,1,1
BRF:2
BRH:2
end_of_record
TN:
SF:src\services\matchService.ts
FN:6,(anonymous_3)
FN:15,(anonymous_4)
FN:51,(anonymous_5)
FN:53,(anonymous_6)
FN:78,(anonymous_7)
FN:82,(anonymous_8)
FN:101,(anonymous_9)
FN:127,(anonymous_10)
FN:142,(anonymous_11)
FN:173,(anonymous_12)
FN:220,(anonymous_13)
FN:221,(anonymous_14)
FNF:12
FNH:0
FNDA:0,(anonymous_3)
FNDA:0,(anonymous_4)
FNDA:0,(anonymous_5)
FNDA:0,(anonymous_6)
FNDA:0,(anonymous_7)
FNDA:0,(anonymous_8)
FNDA:0,(anonymous_9)
FNDA:0,(anonymous_10)
FNDA:0,(anonymous_11)
FNDA:0,(anonymous_12)
FNDA:0,(anonymous_13)
FNDA:0,(anonymous_14)
DA:1,2
DA:2,2
DA:3,2
DA:6,2
DA:7,0
DA:8,0
DA:11,0
DA:12,0
DA:13,0
DA:15,0
DA:17,0
DA:18,0
DA:19,0
DA:20,0
DA:23,0
DA:24,0
DA:44,0
DA:47,0
DA:51,2
DA:52,0
DA:53,0
DA:55,0
DA:56,0
DA:74,0
DA:78,2
DA:79,0
DA:82,0
DA:97,0
DA:101,2
DA:102,0
DA:103,0
DA:106,0
DA:108,0
DA:109,0
DA:110,0
DA:113,0
DA:116,0
DA:118,0
DA:122,0
DA:126,0
DA:127,0
DA:129,0
DA:130,0
DA:134,0
DA:139,0
DA:142,0
DA:148,0
DA:151,0
DA:152,0
DA:156,0
DA:157,0
DA:161,0
DA:162,0
DA:167,0
DA:168,0
DA:173,2
DA:179,0
DA:180,0
DA:183,0
DA:185,0
DA:186,0
DA:187,0
DA:190,0
DA:193,0
DA:201,0
DA:202,0
DA:203,0
DA:206,0
DA:207,0
DA:208,0
DA:209,0
DA:212,0
DA:213,0
DA:214,0
DA:215,0
DA:216,0
DA:219,0
DA:220,0
DA:221,0
DA:223,0
DA:225,0
DA:226,0
DA:227,0
DA:228,0
DA:229,0
DA:230,0
DA:232,0
DA:233,0
DA:234,0
DA:235,0
DA:236,0
DA:237,0
DA:238,0
DA:239,0
DA:241,0
DA:242,0
DA:243,0
DA:244,0
DA:247,0
DA:248,0
DA:251,0
DA:257,0
DA:258,0
LF:103
LH:8
BRDA:11,0,0,0
BRDA:11,0,1,0
BRDA:23,1,0,0
BRDA:23,2,0,0
BRDA:23,2,1,0
BRDA:102,3,0,0
BRDA:109,4,0,0
BRDA:116,5,0,0
BRDA:116,6,0,0
BRDA:116,6,1,0
BRDA:129,7,0,0
BRDA:134,8,0,0
BRDA:134,8,1,0
BRDA:156,9,0,0
BRDA:161,10,0,0
BRDA:179,11,0,0
BRDA:179,12,0,0
BRDA:179,12,1,0
BRDA:186,13,0,0
BRDA:202,14,0,0
BRDA:208,15,0,0
BRDA:213,16,0,0
BRDA:215,17,0,0
BRDA:223,18,0,0
BRDA:223,19,0,0
BRDA:223,19,1,0
BRDA:232,20,0,0
BRDA:232,20,1,0
BRDA:236,21,0,0
BRDA:236,21,1,0
BRF:30
BRH:0
end_of_record
TN:
SF:src\services\announcement\AnnouncementService.ts
FN:19,(anonymous_1)
FN:23,(anonymous_2)
FN:41,(anonymous_3)
FN:57,(anonymous_4)
FN:63,(anonymous_5)
FN:75,(anonymous_6)
FN:85,(anonymous_7)
FN:99,(anonymous_8)
FNF:8
FNH:8
FNDA:6,(anonymous_1)
FNDA:1,(anonymous_2)
FNDA:1,(anonymous_3)
FNDA:2,(anonymous_4)
FNDA:1,(anonymous_5)
FNDA:2,(anonymous_6)
FNDA:1,(anonymous_7)
FNDA:1,(anonymous_8)
DA:14,1
DA:15,1
DA:18,6
DA:20,6
DA:24,1
DA:25,1
DA:33,1
DA:34,1
DA:36,0
DA:37,0
DA:42,1
DA:43,1
DA:44,1
DA:45,1
DA:48,1
DA:52,1
DA:53,1
DA:56,1
DA:57,2
DA:63,1
DA:64,1
DA:67,1
DA:68,1
DA:70,0
DA:71,0
DA:76,2
DA:77,2
DA:78,2
DA:79,2
DA:81,0
DA:86,1
DA:87,1
DA:88,1
DA:92,1
DA:94,0
DA:95,0
DA:100,1
DA:101,1
DA:102,1
DA:104,0
DA:105,0
LF:41
LH:32
BRDA:79,0,0,1
BRDA:79,0,1,1
BRF:2
BRH:2
end_of_record
TN:
SF:src\services\team\TeamService.ts
FN:6,(anonymous_1)
FN:51,(anonymous_2)
FN:59,(anonymous_3)
FN:69,(anonymous_4)
FNF:4
FNH:4
FNDA:3,(anonymous_1)
FNDA:1,(anonymous_2)
FNDA:2,(anonymous_3)
FNDA:2,(anonymous_4)
DA:1,1
DA:2,1
DA:5,6
DA:7,3
DA:9,3
DA:10,3
DA:12,3
DA:13,0
DA:16,3
DA:17,3
DA:18,1
DA:22,2
DA:27,2
DA:29,2
DA:30,1
DA:34,1
DA:37,1
DA:41,1
DA:46,2
DA:47,2
DA:52,1
DA:53,1
DA:58,1
DA:59,2
DA:64,0
DA:65,0
DA:70,2
DA:71,2
DA:72,2
DA:73,1
DA:75,1
DA:80,0
DA:81,0
LF:33
LH:28
BRDA:12,0,0,0
BRDA:17,1,0,1
BRDA:29,2,0,1
BRDA:72,3,0,1
BRF:4
BRH:3
end_of_record
TN:
SF:src\types\index.ts
FNF:0
FNH:0
DA:1,66
DA:73,22
DA:81,18
LF:3
LH:3
BRF:0
BRH:0
end_of_record
